<?xml version="1.0" encoding="UTF-8"?>
<!-- Generated by org.testng.reporters.JUnitReportReporter -->
<testsuite skipped="0" hostname="DESKTOP-UKEP2C8" name="tests.RegistrationTest" tests="1" failures="0" timestamp="2020-04-05T16:09:41 CEST" time="83.470" errors="0">
  <testcase name="registeringUsers" time="83.470" classname="tests.RegistrationTest"/>
</testsuite> <!-- tests.RegistrationTest -->
