<?xml version="1.0" encoding="UTF-8"?>
<!-- Generated by org.testng.reporters.JUnitReportReporter -->
<testsuite skipped="0" hostname="DESKTOP-UKEP2C8" name="tests.EnterTheStore" tests="1" failures="0" timestamp="2020-04-05T16:45:36 CEST" time="0.600" errors="0">
  <testcase name="enterStore" time="0.600" classname="tests.EnterTheStore"/>
</testsuite> <!-- tests.EnterTheStore -->
