<?xml version="1.0" encoding="UTF-8"?>
<!-- Generated by org.testng.reporters.JUnitReportReporter -->
<testsuite skipped="0" hostname="DESKTOP-UKEP2C8" name="tests.PetStoreMenu" tests="3" failures="0" timestamp="2020-04-05T15:23:40 CEST" time="6.706" errors="0">
  <testcase name="allLinksVerifyTest" time="3.604" classname="tests.PetStoreMenu"/>
  <testcase name="linksTakesToCorrectPageTest" time="2.841" classname="tests.PetStoreMenu"/>
  <testcase name="logInBtnTest" time="0.261" classname="tests.PetStoreMenu"/>
</testsuite> <!-- tests.PetStoreMenu -->
