<?xml version="1.0" encoding="UTF-8"?>
<!-- Generated by org.testng.reporters.JUnitReportReporter -->
<testsuite skipped="0" hostname="DESKTOP-UKEP2C8" name="tests.CartTest" tests="9" failures="0" timestamp="2020-04-06T17:10:57 CEST" time="17.569" errors="0">
  <testcase name="isInCart" time="2.934" classname="tests.CartTest"/>
  <testcase name="isInCart" time="3.320" classname="tests.CartTest"/>
  <testcase name="isInCart" time="3.354" classname="tests.CartTest"/>
  <testcase name="compareTotalPrices" time="0.156" classname="tests.CartTest"/>
  <testcase name="compareTotalPrices" time="0.063" classname="tests.CartTest"/>
  <testcase name="compareTotalPrices" time="0.140" classname="tests.CartTest"/>
  <testcase name="deleteCookiesTest" time="2.498" classname="tests.CartTest"/>
  <testcase name="deleteCookiesTest" time="2.531" classname="tests.CartTest"/>
  <testcase name="deleteCookiesTest" time="2.573" classname="tests.CartTest"/>
</testsuite> <!-- tests.CartTest -->
