<?xml version="1.0" encoding="UTF-8"?>
<!-- Generated by org.testng.reporters.JUnitReportReporter -->
<testsuite skipped="0" hostname="DESKTOP-UKEP2C8" name="tests.EnterTheStore" tests="3" failures="0" timestamp="2020-04-06T17:10:57 CEST" time="2.512" errors="0">
  <testcase name="enterStore" time="1.283" classname="tests.EnterTheStore"/>
  <testcase name="enterStore" time="0.624" classname="tests.EnterTheStore"/>
  <testcase name="enterStore" time="0.605" classname="tests.EnterTheStore"/>
</testsuite> <!-- tests.EnterTheStore -->
