<?xml version="1.0" encoding="UTF-8"?>
<!-- Generated by org.testng.reporters.JUnitReportReporter -->
<testsuite skipped="0" hostname="DESKTOP-UKEP2C8" name="tests.LogInTest" tests="3" failures="0" timestamp="2020-04-06T17:10:57 CEST" time="85.521" errors="0">
  <testcase name="signIn" time="29.691" classname="tests.LogInTest"/>
  <testcase name="signIn" time="30.385" classname="tests.LogInTest"/>
  <testcase name="signIn" time="25.445" classname="tests.LogInTest"/>
</testsuite> <!-- tests.LogInTest -->
