<?xml version="1.0" encoding="UTF-8"?>
<!-- Generated by org.testng.reporters.JUnitReportReporter -->
<testsuite skipped="0" hostname="DESKTOP-UKEP2C8" name="tests.RegistrationTest" tests="3" failures="0" timestamp="2020-04-06T17:10:57 CEST" time="234.568" errors="0">
  <testcase name="registeringUsers" time="84.110" classname="tests.RegistrationTest"/>
  <testcase name="registeringUsers" time="69.950" classname="tests.RegistrationTest"/>
  <testcase name="registeringUsers" time="80.508" classname="tests.RegistrationTest"/>
</testsuite> <!-- tests.RegistrationTest -->
